{"/Users/nathananderson/Sites/repos/concat-scss/src/asset-handler.ts": {"path":"/Users/nathananderson/Sites/repos/concat-scss/src/asset-handler.ts","statementMap":{"0":{"start":{"line":2,"column":0},"end":{"line":2,"column":28}},"1":{"start":{"line":3,"column":0},"end":{"line":3,"column":28}},"2":{"start":{"line":4,"column":0},"end":{"line":4,"column":30}},"3":{"start":{"line":25,"column":21},"end":{"line":25,"column":43}},"4":{"start":{"line":26,"column":4},"end":{"line":34,"column":7}},"5":{"start":{"line":27,"column":6},"end":{"line":30,"column":7}},"6":{"start":{"line":29,"column":8},"end":{"line":29,"column":17}},"7":{"start":{"line":29,"column":18},"end":{"line":29,"column":25}},"8":{"start":{"line":31,"column":24},"end":{"line":31,"column":57}},"9":{"start":{"line":32,"column":22},"end":{"line":32,"column":54}},"10":{"start":{"line":33,"column":6},"end":{"line":33,"column":18}},"11":{"start":{"line":40,"column":21},"end":{"line":40,"column":44}},"12":{"start":{"line":41,"column":20},"end":{"line":41,"column":48}},"13":{"start":{"line":42,"column":21},"end":{"line":42,"column":49}},"14":{"start":{"line":43,"column":4},"end":{"line":46,"column":7}},"15":{"start":{"line":44,"column":22},"end":{"line":44,"column":60}},"16":{"start":{"line":45,"column":6},"end":{"line":45,"column":18}},"17":{"start":{"line":52,"column":4},"end":{"line":66,"column":5}},"18":{"start":{"line":53,"column":6},"end":{"line":53,"column":57}},"19":{"start":{"line":56,"column":47},"end":{"line":56,"column":69}},"20":{"start":{"line":57,"column":6},"end":{"line":65,"column":7}},"21":{"start":{"line":62,"column":8},"end":{"line":62,"column":59}},"22":{"start":{"line":64,"column":8},"end":{"line":64,"column":60}},"23":{"start":{"line":81,"column":4},"end":{"line":107,"column":5}},"24":{"start":{"line":82,"column":20},"end":{"line":82,"column":76}},"25":{"start":{"line":84,"column":6},"end":{"line":86,"column":7}},"26":{"start":{"line":85,"column":8},"end":{"line":85,"column":17}},"27":{"start":{"line":85,"column":18},"end":{"line":85,"column":25}},"28":{"start":{"line":87,"column":6},"end":{"line":87,"column":60}},"29":{"start":{"line":89,"column":6},"end":{"line":91,"column":7}},"30":{"start":{"line":90,"column":8},"end":{"line":90,"column":17}},"31":{"start":{"line":90,"column":18},"end":{"line":90,"column":25}},"32":{"start":{"line":92,"column":21},"end":{"line":92,"column":57}},"33":{"start":{"line":93,"column":6},"end":{"line":94,"column":64}},"34":{"start":{"line":94,"column":8},"end":{"line":94,"column":64}},"35":{"start":{"line":95,"column":6},"end":{"line":104,"column":7}},"36":{"start":{"line":96,"column":8},"end":{"line":99,"column":11}},"37":{"start":{"line":98,"column":10},"end":{"line":98,"column":22}},"38":{"start":{"line":101,"column":8},"end":{"line":103,"column":11}},"39":{"start":{"line":102,"column":10},"end":{"line":102,"column":22}},"40":{"start":{"line":106,"column":6},"end":{"line":106,"column":15}},"41":{"start":{"line":9,"column":0},"end":{"line":109,"column":1}},"42":{"start":{"line":111,"column":21},"end":{"line":111,"column":39}},"43":{"start":{"line":112,"column":9},"end":{"line":112,"column":21}}},"fnMap":{"0":{"name":"(anonymous_0)","decl":{"start":{"line":23,"column":10},"end":{"line":23,"column":26}},"loc":{"start":{"line":24,"column":31},"end":{"line":35,"column":3}}},"1":{"name":"(anonymous_1)","decl":{"start":{"line":26,"column":48},"end":{"line":26,"column":49}},"loc":{"start":{"line":26,"column":62},"end":{"line":34,"column":5}}},"2":{"name":"(anonymous_2)","decl":{"start":{"line":38,"column":10},"end":{"line":38,"column":18}},"loc":{"start":{"line":39,"column":48},"end":{"line":47,"column":3}}},"3":{"name":"(anonymous_3)","decl":{"start":{"line":43,"column":32},"end":{"line":43,"column":33}},"loc":{"start":{"line":43,"column":40},"end":{"line":46,"column":5}}},"4":{"name":"(anonymous_4)","decl":{"start":{"line":50,"column":10},"end":{"line":50,"column":27}},"loc":{"start":{"line":51,"column":62},"end":{"line":67,"column":3}}},"5":{"name":"(anonymous_5)","decl":{"start":{"line":79,"column":2},"end":{"line":79,"column":14}},"loc":{"start":{"line":80,"column":31},"end":{"line":108,"column":3}}},"6":{"name":"(anonymous_6)","decl":{"start":{"line":97,"column":14},"end":{"line":97,"column":15}},"loc":{"start":{"line":97,"column":26},"end":{"line":99,"column":9}}},"7":{"name":"(anonymous_7)","decl":{"start":{"line":101,"column":56},"end":{"line":101,"column":57}},"loc":{"start":{"line":101,"column":68},"end":{"line":103,"column":9}}}},"branchMap":{"0":{"loc":{"start":{"line":27,"column":6},"end":{"line":30,"column":7}},"type":"if","locations":[{"start":{"line":27,"column":6},"end":{"line":30,"column":7}},{"start":{"line":27,"column":6},"end":{"line":30,"column":7}}]},"1":{"loc":{"start":{"line":52,"column":4},"end":{"line":66,"column":5}},"type":"if","locations":[{"start":{"line":52,"column":4},"end":{"line":66,"column":5}},{"start":{"line":52,"column":4},"end":{"line":66,"column":5}}]},"2":{"loc":{"start":{"line":57,"column":6},"end":{"line":65,"column":7}},"type":"if","locations":[{"start":{"line":57,"column":6},"end":{"line":65,"column":7}},{"start":{"line":57,"column":6},"end":{"line":65,"column":7}}]},"3":{"loc":{"start":{"line":81,"column":4},"end":{"line":107,"column":5}},"type":"if","locations":[{"start":{"line":81,"column":4},"end":{"line":107,"column":5}},{"start":{"line":81,"column":4},"end":{"line":107,"column":5}}]},"4":{"loc":{"start":{"line":84,"column":6},"end":{"line":86,"column":7}},"type":"if","locations":[{"start":{"line":84,"column":6},"end":{"line":86,"column":7}},{"start":{"line":84,"column":6},"end":{"line":86,"column":7}}]},"5":{"loc":{"start":{"line":84,"column":9},"end":{"line":84,"column":33}},"type":"binary-expr","locations":[{"start":{"line":84,"column":9},"end":{"line":84,"column":33}},{"start":{"line":84,"column":37},"end":{"line":84,"column":61}}]},"6":{"loc":{"start":{"line":89,"column":6},"end":{"line":91,"column":7}},"type":"if","locations":[{"start":{"line":89,"column":6},"end":{"line":91,"column":7}},{"start":{"line":89,"column":6},"end":{"line":91,"column":7}}]},"7":{"loc":{"start":{"line":93,"column":6},"end":{"line":94,"column":64}},"type":"if","locations":[{"start":{"line":93,"column":6},"end":{"line":94,"column":64}},{"start":{"line":93,"column":6},"end":{"line":94,"column":64}}]},"8":{"loc":{"start":{"line":95,"column":6},"end":{"line":104,"column":7}},"type":"if","locations":[{"start":{"line":95,"column":6},"end":{"line":104,"column":7}},{"start":{"line":95,"column":6},"end":{"line":104,"column":7}}]}},"s":{"0":1,"1":1,"2":1,"3":17,"4":17,"5":17,"6":0,"7":0,"8":17,"9":17,"10":17,"11":3,"12":3,"13":3,"14":3,"15":3,"16":3,"17":4,"18":2,"19":2,"20":2,"21":1,"22":1,"23":7253,"24":30,"25":30,"26":2,"27":2,"28":28,"29":28,"30":8,"31":8,"32":20,"33":20,"34":8,"35":20,"36":4,"37":4,"38":16,"39":16,"40":7223,"41":1,"42":1,"43":1},"f":{"0":17,"1":17,"2":3,"3":3,"4":4,"5":7253,"6":4,"7":16},"b":{"0":[0,17],"1":[2,2],"2":[1,1],"3":[30,7223],"4":[2,28],"5":[30,8],"6":[8,20],"7":[8,12],"8":[4,16]}}
,"/Users/nathananderson/Sites/repos/concat-scss/src/concat-scss.ts": {"path":"/Users/nathananderson/Sites/repos/concat-scss/src/concat-scss.ts","statementMap":{"0":{"start":{"line":1,"column":0},"end":{"line":1,"column":28}},"1":{"start":{"line":2,"column":0},"end":{"line":2,"column":33}},"2":{"start":{"line":3,"column":0},"end":{"line":3,"column":30}},"3":{"start":{"line":4,"column":0},"end":{"line":4,"column":46}},"4":{"start":{"line":5,"column":0},"end":{"line":5,"column":36}},"5":{"start":{"line":13,"column":25},"end":{"line":13,"column":29}},"6":{"start":{"line":14,"column":23},"end":{"line":14,"column":49}},"7":{"start":{"line":15,"column":21},"end":{"line":15,"column":45}},"8":{"start":{"line":31,"column":4},"end":{"line":31,"column":62}},"9":{"start":{"line":44,"column":20},"end":{"line":44,"column":57}},"10":{"start":{"line":45,"column":15},"end":{"line":45,"column":83}},"11":{"start":{"line":46,"column":4},"end":{"line":46,"column":46}},"12":{"start":{"line":46,"column":34},"end":{"line":46,"column":46}},"13":{"start":{"line":47,"column":4},"end":{"line":47,"column":57}},"14":{"start":{"line":48,"column":27},"end":{"line":48,"column":86}},"15":{"start":{"line":49,"column":4},"end":{"line":53,"column":6}},"16":{"start":{"line":68,"column":4},"end":{"line":68,"column":47}},"17":{"start":{"line":68,"column":32},"end":{"line":68,"column":37}},"18":{"start":{"line":68,"column":38},"end":{"line":68,"column":45}},"19":{"start":{"line":69,"column":17},"end":{"line":69,"column":29}},"20":{"start":{"line":70,"column":4},"end":{"line":97,"column":5}},"21":{"start":{"line":71,"column":6},"end":{"line":71,"column":34}},"22":{"start":{"line":72,"column":6},"end":{"line":72,"column":50}},"23":{"start":{"line":73,"column":11},"end":{"line":97,"column":5}},"24":{"start":{"line":74,"column":6},"end":{"line":74,"column":33}},"25":{"start":{"line":75,"column":6},"end":{"line":75,"column":50}},"26":{"start":{"line":76,"column":11},"end":{"line":97,"column":5}},"27":{"start":{"line":77,"column":26},"end":{"line":77,"column":62}},"28":{"start":{"line":78,"column":6},"end":{"line":91,"column":7}},"29":{"start":{"line":79,"column":8},"end":{"line":87,"column":11}},"30":{"start":{"line":81,"column":10},"end":{"line":81,"column":52}},"31":{"start":{"line":82,"column":10},"end":{"line":82,"column":52}},"32":{"start":{"line":83,"column":10},"end":{"line":86,"column":13}},"33":{"start":{"line":84,"column":12},"end":{"line":84,"column":56}},"34":{"start":{"line":85,"column":12},"end":{"line":85,"column":56}},"35":{"start":{"line":90,"column":8},"end":{"line":90,"column":52}},"36":{"start":{"line":93,"column":6},"end":{"line":96,"column":9}},"37":{"start":{"line":94,"column":8},"end":{"line":94,"column":39}},"38":{"start":{"line":95,"column":8},"end":{"line":95,"column":52}},"39":{"start":{"line":108,"column":20},"end":{"line":108,"column":71}},"40":{"start":{"line":109,"column":18},"end":{"line":110,"column":28}},"41":{"start":{"line":111,"column":4},"end":{"line":122,"column":6}},"42":{"start":{"line":134,"column":4},"end":{"line":138,"column":5}},"43":{"start":{"line":135,"column":6},"end":{"line":137,"column":7}},"44":{"start":{"line":136,"column":8},"end":{"line":136,"column":47}},"45":{"start":{"line":143,"column":20},"end":{"line":143,"column":49}},"46":{"start":{"line":144,"column":4},"end":{"line":151,"column":7}},"47":{"start":{"line":147,"column":6},"end":{"line":147,"column":24}},"48":{"start":{"line":147,"column":14},"end":{"line":147,"column":24}},"49":{"start":{"line":148,"column":6},"end":{"line":150,"column":9}},"50":{"start":{"line":149,"column":8},"end":{"line":149,"column":13}},"51":{"start":{"line":165,"column":4},"end":{"line":174,"column":7}},"52":{"start":{"line":166,"column":6},"end":{"line":166,"column":24}},"53":{"start":{"line":166,"column":14},"end":{"line":166,"column":24}},"54":{"start":{"line":167,"column":6},"end":{"line":173,"column":7}},"55":{"start":{"line":168,"column":8},"end":{"line":170,"column":11}},"56":{"start":{"line":169,"column":10},"end":{"line":169,"column":15}},"57":{"start":{"line":172,"column":8},"end":{"line":172,"column":13}},"58":{"start":{"line":186,"column":4},"end":{"line":203,"column":7}},"59":{"start":{"line":187,"column":6},"end":{"line":189,"column":7}},"60":{"start":{"line":188,"column":8},"end":{"line":188,"column":67}},"61":{"start":{"line":188,"column":68},"end":{"line":188,"column":75}},"62":{"start":{"line":190,"column":6},"end":{"line":190,"column":31}},"63":{"start":{"line":191,"column":6},"end":{"line":191,"column":51}},"64":{"start":{"line":192,"column":6},"end":{"line":202,"column":9}},"65":{"start":{"line":193,"column":8},"end":{"line":193,"column":26}},"66":{"start":{"line":193,"column":16},"end":{"line":193,"column":26}},"67":{"start":{"line":194,"column":8},"end":{"line":194,"column":55}},"68":{"start":{"line":195,"column":8},"end":{"line":201,"column":11}},"69":{"start":{"line":196,"column":10},"end":{"line":200,"column":13}},"70":{"start":{"line":197,"column":12},"end":{"line":199,"column":15}},"71":{"start":{"line":18,"column":0},"end":{"line":205,"column":1}}},"fnMap":{"0":{"name":"(anonymous_0)","decl":{"start":{"line":30,"column":10},"end":{"line":30,"column":25}},"loc":{"start":{"line":30,"column":65},"end":{"line":32,"column":3}}},"1":{"name":"(anonymous_1)","decl":{"start":{"line":43,"column":10},"end":{"line":43,"column":34}},"loc":{"start":{"line":43,"column":48},"end":{"line":54,"column":3}}},"2":{"name":"(anonymous_2)","decl":{"start":{"line":67,"column":10},"end":{"line":67,"column":27}},"loc":{"start":{"line":67,"column":75},"end":{"line":98,"column":3}}},"3":{"name":"(anonymous_3)","decl":{"start":{"line":80,"column":8},"end":{"line":80,"column":9}},"loc":{"start":{"line":80,"column":31},"end":{"line":87,"column":9}}},"4":{"name":"(anonymous_4)","decl":{"start":{"line":83,"column":59},"end":{"line":83,"column":61}},"loc":{"start":{"line":83,"column":64},"end":{"line":86,"column":11}}},"5":{"name":"(anonymous_5)","decl":{"start":{"line":93,"column":46},"end":{"line":93,"column":47}},"loc":{"start":{"line":93,"column":58},"end":{"line":96,"column":7}}},"6":{"name":"(anonymous_6)","decl":{"start":{"line":107,"column":10},"end":{"line":107,"column":19}},"loc":{"start":{"line":107,"column":44},"end":{"line":123,"column":3}}},"7":{"name":"(anonymous_7)","decl":{"start":{"line":133,"column":10},"end":{"line":133,"column":25}},"loc":{"start":{"line":133,"column":44},"end":{"line":139,"column":3}}},"8":{"name":"(anonymous_8)","decl":{"start":{"line":142,"column":10},"end":{"line":142,"column":20}},"loc":{"start":{"line":142,"column":50},"end":{"line":152,"column":3}}},"9":{"name":"(anonymous_9)","decl":{"start":{"line":146,"column":7},"end":{"line":146,"column":15}},"loc":{"start":{"line":146,"column":27},"end":{"line":151,"column":5}}},"10":{"name":"(anonymous_10)","decl":{"start":{"line":148,"column":55},"end":{"line":148,"column":63}},"loc":{"start":{"line":148,"column":67},"end":{"line":150,"column":7}}},"11":{"name":"(anonymous_11)","decl":{"start":{"line":164,"column":10},"end":{"line":164,"column":20}},"loc":{"start":{"line":164,"column":70},"end":{"line":175,"column":3}}},"12":{"name":"(anonymous_12)","decl":{"start":{"line":165,"column":50},"end":{"line":165,"column":51}},"loc":{"start":{"line":165,"column":58},"end":{"line":174,"column":5}}},"13":{"name":"(anonymous_13)","decl":{"start":{"line":168,"column":31},"end":{"line":168,"column":33}},"loc":{"start":{"line":168,"column":36},"end":{"line":170,"column":9}}},"14":{"name":"(anonymous_14)","decl":{"start":{"line":185,"column":2},"end":{"line":185,"column":7}},"loc":{"start":{"line":185,"column":32},"end":{"line":204,"column":3}}},"15":{"name":"(anonymous_15)","decl":{"start":{"line":186,"column":23},"end":{"line":186,"column":24}},"loc":{"start":{"line":186,"column":43},"end":{"line":203,"column":5}}},"16":{"name":"(anonymous_16)","decl":{"start":{"line":192,"column":47},"end":{"line":192,"column":48}},"loc":{"start":{"line":192,"column":69},"end":{"line":202,"column":7}}},"17":{"name":"(anonymous_17)","decl":{"start":{"line":195,"column":61},"end":{"line":195,"column":63}},"loc":{"start":{"line":195,"column":66},"end":{"line":201,"column":9}}},"18":{"name":"(anonymous_18)","decl":{"start":{"line":196,"column":62},"end":{"line":196,"column":64}},"loc":{"start":{"line":196,"column":67},"end":{"line":200,"column":11}}}},"branchMap":{"0":{"loc":{"start":{"line":44,"column":47},"end":{"line":44,"column":50}},"type":"cond-expr","locations":[{"start":{"line":44,"column":47},"end":{"line":44,"column":50}},{"start":{"line":44,"column":53},"end":{"line":44,"column":57}}]},"1":{"loc":{"start":{"line":46,"column":4},"end":{"line":46,"column":46}},"type":"if","locations":[{"start":{"line":46,"column":4},"end":{"line":46,"column":46}},{"start":{"line":46,"column":4},"end":{"line":46,"column":46}}]},"2":{"loc":{"start":{"line":68,"column":4},"end":{"line":68,"column":47}},"type":"if","locations":[{"start":{"line":68,"column":4},"end":{"line":68,"column":47}},{"start":{"line":68,"column":4},"end":{"line":68,"column":47}}]},"3":{"loc":{"start":{"line":70,"column":4},"end":{"line":97,"column":5}},"type":"if","locations":[{"start":{"line":70,"column":4},"end":{"line":97,"column":5}},{"start":{"line":70,"column":4},"end":{"line":97,"column":5}}]},"4":{"loc":{"start":{"line":73,"column":11},"end":{"line":97,"column":5}},"type":"if","locations":[{"start":{"line":73,"column":11},"end":{"line":97,"column":5}},{"start":{"line":73,"column":11},"end":{"line":97,"column":5}}]},"5":{"loc":{"start":{"line":73,"column":14},"end":{"line":73,"column":33}},"type":"binary-expr","locations":[{"start":{"line":73,"column":14},"end":{"line":73,"column":33}},{"start":{"line":73,"column":37},"end":{"line":73,"column":70}}]},"6":{"loc":{"start":{"line":76,"column":11},"end":{"line":97,"column":5}},"type":"if","locations":[{"start":{"line":76,"column":11},"end":{"line":97,"column":5}},{"start":{"line":76,"column":11},"end":{"line":97,"column":5}}]},"7":{"loc":{"start":{"line":78,"column":6},"end":{"line":91,"column":7}},"type":"if","locations":[{"start":{"line":78,"column":6},"end":{"line":91,"column":7}},{"start":{"line":78,"column":6},"end":{"line":91,"column":7}}]},"8":{"loc":{"start":{"line":108,"column":40},"end":{"line":108,"column":55}},"type":"cond-expr","locations":[{"start":{"line":108,"column":40},"end":{"line":108,"column":55}},{"start":{"line":108,"column":58},"end":{"line":108,"column":71}}]},"9":{"loc":{"start":{"line":121,"column":10},"end":{"line":121,"column":34}},"type":"cond-expr","locations":[{"start":{"line":121,"column":10},"end":{"line":121,"column":34}},{"start":{"line":121,"column":37},"end":{"line":121,"column":42}}]},"10":{"loc":{"start":{"line":134,"column":4},"end":{"line":138,"column":5}},"type":"if","locations":[{"start":{"line":134,"column":4},"end":{"line":138,"column":5}},{"start":{"line":134,"column":4},"end":{"line":138,"column":5}}]},"11":{"loc":{"start":{"line":147,"column":6},"end":{"line":147,"column":24}},"type":"if","locations":[{"start":{"line":147,"column":6},"end":{"line":147,"column":24}},{"start":{"line":147,"column":6},"end":{"line":147,"column":24}}]},"12":{"loc":{"start":{"line":166,"column":6},"end":{"line":166,"column":24}},"type":"if","locations":[{"start":{"line":166,"column":6},"end":{"line":166,"column":24}},{"start":{"line":166,"column":6},"end":{"line":166,"column":24}}]},"13":{"loc":{"start":{"line":167,"column":6},"end":{"line":173,"column":7}},"type":"if","locations":[{"start":{"line":167,"column":6},"end":{"line":173,"column":7}},{"start":{"line":167,"column":6},"end":{"line":173,"column":7}}]},"14":{"loc":{"start":{"line":187,"column":6},"end":{"line":189,"column":7}},"type":"if","locations":[{"start":{"line":187,"column":6},"end":{"line":189,"column":7}},{"start":{"line":187,"column":6},"end":{"line":189,"column":7}}]},"15":{"loc":{"start":{"line":187,"column":9},"end":{"line":187,"column":21}},"type":"binary-expr","locations":[{"start":{"line":187,"column":9},"end":{"line":187,"column":21}},{"start":{"line":187,"column":25},"end":{"line":187,"column":38}}]},"16":{"loc":{"start":{"line":193,"column":8},"end":{"line":193,"column":26}},"type":"if","locations":[{"start":{"line":193,"column":8},"end":{"line":193,"column":26}},{"start":{"line":193,"column":8},"end":{"line":193,"column":26}}]}},"s":{"0":1,"1":1,"2":1,"3":1,"4":1,"5":1,"6":1,"7":1,"8":85,"9":86,"10":86,"11":86,"12":1,"13":85,"14":85,"15":85,"16":7440,"17":95,"18":95,"19":7345,"20":7345,"21":2,"22":2,"23":7343,"24":4,"25":4,"26":7339,"27":86,"28":86,"29":85,"30":85,"31":85,"32":85,"33":85,"34":85,"35":1,"36":7253,"37":7253,"38":7253,"39":10,"40":10,"41":10,"42":10,"43":1,"44":1,"45":2,"46":2,"47":2,"48":0,"49":2,"50":2,"51":10,"52":10,"53":0,"54":10,"55":2,"56":2,"57":8,"58":10,"59":10,"60":0,"61":0,"62":10,"63":10,"64":10,"65":10,"66":0,"67":10,"68":10,"69":10,"70":10,"71":1},"f":{"0":85,"1":86,"2":7440,"3":85,"4":85,"5":7253,"6":10,"7":10,"8":2,"9":2,"10":2,"11":10,"12":10,"13":2,"14":10,"15":10,"16":10,"17":10,"18":10},"b":{"0":[0,86],"1":[1,85],"2":[95,7345],"3":[2,7343],"4":[4,7339],"5":[7343,7341],"6":[86,7253],"7":[85,1],"8":[1,9],"9":[2,8],"10":[1,9],"11":[0,2],"12":[0,10],"13":[2,8],"14":[0,10],"15":[10,10],"16":[0,10]}}
,"/Users/nathananderson/Sites/repos/concat-scss/src/fs-utils.ts": {"path":"/Users/nathananderson/Sites/repos/concat-scss/src/fs-utils.ts","statementMap":{"0":{"start":{"line":1,"column":0},"end":{"line":1,"column":28}},"1":{"start":{"line":2,"column":0},"end":{"line":2,"column":30}},"2":{"start":{"line":28,"column":4},"end":{"line":28,"column":66}},"3":{"start":{"line":28,"column":48},"end":{"line":28,"column":62}},"4":{"start":{"line":45,"column":4},"end":{"line":45,"column":57}},"5":{"start":{"line":45,"column":32},"end":{"line":45,"column":47}},"6":{"start":{"line":45,"column":48},"end":{"line":45,"column":55}},"7":{"start":{"line":46,"column":19},"end":{"line":46,"column":65}},"8":{"start":{"line":47,"column":4},"end":{"line":51,"column":5}},"9":{"start":{"line":49,"column":24},"end":{"line":49,"column":49}},"10":{"start":{"line":50,"column":6},"end":{"line":50,"column":74}},"11":{"start":{"line":52,"column":4},"end":{"line":57,"column":7}},"12":{"start":{"line":53,"column":6},"end":{"line":55,"column":7}},"13":{"start":{"line":54,"column":8},"end":{"line":54,"column":27}},"14":{"start":{"line":54,"column":28},"end":{"line":54,"column":35}},"15":{"start":{"line":56,"column":6},"end":{"line":56,"column":70}},"16":{"start":{"line":72,"column":4},"end":{"line":76,"column":5}},"17":{"start":{"line":73,"column":6},"end":{"line":73,"column":20}},"18":{"start":{"line":75,"column":6},"end":{"line":75,"column":40}},"19":{"start":{"line":77,"column":4},"end":{"line":81,"column":5}},"20":{"start":{"line":78,"column":6},"end":{"line":78,"column":22}},"21":{"start":{"line":80,"column":6},"end":{"line":80,"column":42}},"22":{"start":{"line":82,"column":4},"end":{"line":82,"column":44}},"23":{"start":{"line":95,"column":4},"end":{"line":99,"column":7}},"24":{"start":{"line":96,"column":6},"end":{"line":96,"column":60}},"25":{"start":{"line":96,"column":48},"end":{"line":96,"column":56}},"26":{"start":{"line":98,"column":6},"end":{"line":98,"column":14}},"27":{"start":{"line":17,"column":0},"end":{"line":101,"column":1}},"28":{"start":{"line":104,"column":16},"end":{"line":104,"column":29}},"29":{"start":{"line":105,"column":9},"end":{"line":105,"column":16}}},"fnMap":{"0":{"name":"(anonymous_0)","decl":{"start":{"line":26,"column":2},"end":{"line":26,"column":18}},"loc":{"start":{"line":27,"column":44},"end":{"line":29,"column":3}}},"1":{"name":"(anonymous_1)","decl":{"start":{"line":28,"column":31},"end":{"line":28,"column":32}},"loc":{"start":{"line":28,"column":45},"end":{"line":28,"column":64}}},"2":{"name":"(anonymous_2)","decl":{"start":{"line":43,"column":2},"end":{"line":43,"column":27}},"loc":{"start":{"line":44,"column":75},"end":{"line":58,"column":3}}},"3":{"name":"(anonymous_3)","decl":{"start":{"line":52,"column":37},"end":{"line":52,"column":38}},"loc":{"start":{"line":52,"column":51},"end":{"line":57,"column":5}}},"4":{"name":"(anonymous_4)","decl":{"start":{"line":69,"column":2},"end":{"line":69,"column":27}},"loc":{"start":{"line":70,"column":17},"end":{"line":83,"column":3}}},"5":{"name":"(anonymous_5)","decl":{"start":{"line":94,"column":2},"end":{"line":94,"column":18}},"loc":{"start":{"line":94,"column":74},"end":{"line":100,"column":3}}},"6":{"name":"(anonymous_6)","decl":{"start":{"line":95,"column":42},"end":{"line":95,"column":44}},"loc":{"start":{"line":95,"column":47},"end":{"line":97,"column":5}}},"7":{"name":"(anonymous_7)","decl":{"start":{"line":96,"column":37},"end":{"line":96,"column":38}},"loc":{"start":{"line":96,"column":45},"end":{"line":96,"column":58}}},"8":{"name":"(anonymous_8)","decl":{"start":{"line":97,"column":13},"end":{"line":97,"column":14}},"loc":{"start":{"line":97,"column":21},"end":{"line":99,"column":5}}}},"branchMap":{"0":{"loc":{"start":{"line":45,"column":4},"end":{"line":45,"column":57}},"type":"if","locations":[{"start":{"line":45,"column":4},"end":{"line":45,"column":57}},{"start":{"line":45,"column":4},"end":{"line":45,"column":57}}]},"1":{"loc":{"start":{"line":47,"column":4},"end":{"line":51,"column":5}},"type":"if","locations":[{"start":{"line":47,"column":4},"end":{"line":51,"column":5}},{"start":{"line":47,"column":4},"end":{"line":51,"column":5}}]},"2":{"loc":{"start":{"line":53,"column":6},"end":{"line":55,"column":7}},"type":"if","locations":[{"start":{"line":53,"column":6},"end":{"line":55,"column":7}},{"start":{"line":53,"column":6},"end":{"line":55,"column":7}}]},"3":{"loc":{"start":{"line":72,"column":4},"end":{"line":76,"column":5}},"type":"if","locations":[{"start":{"line":72,"column":4},"end":{"line":76,"column":5}},{"start":{"line":72,"column":4},"end":{"line":76,"column":5}}]},"4":{"loc":{"start":{"line":77,"column":4},"end":{"line":81,"column":5}},"type":"if","locations":[{"start":{"line":77,"column":4},"end":{"line":81,"column":5}},{"start":{"line":77,"column":4},"end":{"line":81,"column":5}}]}},"s":{"0":1,"1":1,"2":104,"3":104,"4":94,"5":0,"6":0,"7":94,"8":94,"9":2,"10":2,"11":94,"12":94,"13":85,"14":85,"15":9,"16":10,"17":1,"18":9,"19":10,"20":1,"21":9,"22":10,"23":10,"24":10,"25":10,"26":0,"27":1,"28":1,"29":1},"f":{"0":104,"1":104,"2":94,"3":94,"4":10,"5":10,"6":10,"7":10,"8":0},"b":{"0":[0,94],"1":[2,92],"2":[85,9],"3":[1,9],"4":[1,9]}}
}
