{"/Users/nathananderson/Sites/repos/concat-scss/src/base64-encode-line.ts": {"path":"/Users/nathananderson/Sites/repos/concat-scss/src/base64-encode-line.ts","statementMap":{"0":{"start":{"line":2,"column":0},"end":{"line":2,"column":28}},"1":{"start":{"line":3,"column":0},"end":{"line":3,"column":28}},"2":{"start":{"line":4,"column":0},"end":{"line":4,"column":30}},"3":{"start":{"line":16,"column":25},"end":{"line":45,"column":1}},"4":{"start":{"line":18,"column":2},"end":{"line":44,"column":3}},"5":{"start":{"line":19,"column":18},"end":{"line":19,"column":74}},"6":{"start":{"line":21,"column":4},"end":{"line":23,"column":5}},"7":{"start":{"line":22,"column":6},"end":{"line":22,"column":15}},"8":{"start":{"line":22,"column":16},"end":{"line":22,"column":23}},"9":{"start":{"line":24,"column":4},"end":{"line":24,"column":58}},"10":{"start":{"line":26,"column":4},"end":{"line":28,"column":5}},"11":{"start":{"line":27,"column":6},"end":{"line":27,"column":15}},"12":{"start":{"line":27,"column":16},"end":{"line":27,"column":23}},"13":{"start":{"line":29,"column":19},"end":{"line":29,"column":49}},"14":{"start":{"line":30,"column":21},"end":{"line":30,"column":43}},"15":{"start":{"line":31,"column":4},"end":{"line":32,"column":62}},"16":{"start":{"line":32,"column":6},"end":{"line":32,"column":62}},"17":{"start":{"line":33,"column":4},"end":{"line":41,"column":7}},"18":{"start":{"line":34,"column":6},"end":{"line":37,"column":7}},"19":{"start":{"line":36,"column":8},"end":{"line":36,"column":17}},"20":{"start":{"line":36,"column":18},"end":{"line":36,"column":25}},"21":{"start":{"line":38,"column":24},"end":{"line":38,"column":57}},"22":{"start":{"line":39,"column":22},"end":{"line":39,"column":54}},"23":{"start":{"line":40,"column":6},"end":{"line":40,"column":18}},"24":{"start":{"line":43,"column":4},"end":{"line":43,"column":13}},"25":{"start":{"line":47,"column":0},"end":{"line":47,"column":32}}},"fnMap":{"0":{"name":"(anonymous_0)","decl":{"start":{"line":16,"column":25},"end":{"line":16,"column":26}},"loc":{"start":{"line":17,"column":33},"end":{"line":45,"column":1}}},"1":{"name":"(anonymous_1)","decl":{"start":{"line":33,"column":48},"end":{"line":33,"column":49}},"loc":{"start":{"line":33,"column":62},"end":{"line":41,"column":5}}}},"branchMap":{"0":{"loc":{"start":{"line":18,"column":2},"end":{"line":44,"column":3}},"type":"if","locations":[{"start":{"line":18,"column":2},"end":{"line":44,"column":3}},{"start":{"line":18,"column":2},"end":{"line":44,"column":3}}]},"1":{"loc":{"start":{"line":21,"column":4},"end":{"line":23,"column":5}},"type":"if","locations":[{"start":{"line":21,"column":4},"end":{"line":23,"column":5}},{"start":{"line":21,"column":4},"end":{"line":23,"column":5}}]},"2":{"loc":{"start":{"line":21,"column":7},"end":{"line":21,"column":31}},"type":"binary-expr","locations":[{"start":{"line":21,"column":7},"end":{"line":21,"column":31}},{"start":{"line":21,"column":35},"end":{"line":21,"column":59}}]},"3":{"loc":{"start":{"line":26,"column":4},"end":{"line":28,"column":5}},"type":"if","locations":[{"start":{"line":26,"column":4},"end":{"line":28,"column":5}},{"start":{"line":26,"column":4},"end":{"line":28,"column":5}}]},"4":{"loc":{"start":{"line":31,"column":4},"end":{"line":32,"column":62}},"type":"if","locations":[{"start":{"line":31,"column":4},"end":{"line":32,"column":62}},{"start":{"line":31,"column":4},"end":{"line":32,"column":62}}]},"5":{"loc":{"start":{"line":34,"column":6},"end":{"line":37,"column":7}},"type":"if","locations":[{"start":{"line":34,"column":6},"end":{"line":37,"column":7}},{"start":{"line":34,"column":6},"end":{"line":37,"column":7}}]}},"s":{"0":1,"1":1,"2":1,"3":1,"4":60,"5":4,"6":4,"7":0,"8":0,"9":4,"10":4,"11":0,"12":0,"13":4,"14":4,"15":4,"16":2,"17":4,"18":4,"19":0,"20":0,"21":4,"22":4,"23":4,"24":56,"25":1},"f":{"0":60,"1":4},"b":{"0":[4,56],"1":[0,4],"2":[4,1],"3":[0,4],"4":[2,2],"5":[0,4]}}
,"/Users/nathananderson/Sites/repos/concat-scss/src/concat-scss.ts": {"path":"/Users/nathananderson/Sites/repos/concat-scss/src/concat-scss.ts","statementMap":{"0":{"start":{"line":1,"column":0},"end":{"line":1,"column":28}},"1":{"start":{"line":3,"column":0},"end":{"line":3,"column":30}},"2":{"start":{"line":4,"column":0},"end":{"line":4,"column":51}},"3":{"start":{"line":27,"column":20},"end":{"line":27,"column":24}},"4":{"start":{"line":29,"column":23},"end":{"line":29,"column":49}},"5":{"start":{"line":30,"column":21},"end":{"line":30,"column":45}},"6":{"start":{"line":37,"column":4},"end":{"line":37,"column":66}},"7":{"start":{"line":37,"column":48},"end":{"line":37,"column":62}},"8":{"start":{"line":42,"column":4},"end":{"line":42,"column":57}},"9":{"start":{"line":42,"column":32},"end":{"line":42,"column":47}},"10":{"start":{"line":42,"column":48},"end":{"line":42,"column":55}},"11":{"start":{"line":43,"column":19},"end":{"line":43,"column":60}},"12":{"start":{"line":44,"column":4},"end":{"line":48,"column":5}},"13":{"start":{"line":46,"column":24},"end":{"line":46,"column":49}},"14":{"start":{"line":47,"column":6},"end":{"line":47,"column":69}},"15":{"start":{"line":49,"column":4},"end":{"line":54,"column":7}},"16":{"start":{"line":50,"column":6},"end":{"line":52,"column":7}},"17":{"start":{"line":51,"column":8},"end":{"line":51,"column":27}},"18":{"start":{"line":51,"column":28},"end":{"line":51,"column":35}},"19":{"start":{"line":53,"column":6},"end":{"line":53,"column":58}},"20":{"start":{"line":58,"column":4},"end":{"line":58,"column":62}},"21":{"start":{"line":62,"column":20},"end":{"line":62,"column":57}},"22":{"start":{"line":63,"column":15},"end":{"line":63,"column":83}},"23":{"start":{"line":64,"column":4},"end":{"line":64,"column":46}},"24":{"start":{"line":64,"column":34},"end":{"line":64,"column":46}},"25":{"start":{"line":65,"column":4},"end":{"line":65,"column":57}},"26":{"start":{"line":66,"column":27},"end":{"line":66,"column":86}},"27":{"start":{"line":67,"column":4},"end":{"line":71,"column":6}},"28":{"start":{"line":76,"column":4},"end":{"line":76,"column":47}},"29":{"start":{"line":76,"column":32},"end":{"line":76,"column":37}},"30":{"start":{"line":76,"column":38},"end":{"line":76,"column":45}},"31":{"start":{"line":77,"column":17},"end":{"line":77,"column":29}},"32":{"start":{"line":78,"column":4},"end":{"line":104,"column":5}},"33":{"start":{"line":79,"column":6},"end":{"line":79,"column":34}},"34":{"start":{"line":80,"column":6},"end":{"line":80,"column":50}},"35":{"start":{"line":81,"column":11},"end":{"line":104,"column":5}},"36":{"start":{"line":82,"column":6},"end":{"line":82,"column":33}},"37":{"start":{"line":83,"column":6},"end":{"line":83,"column":50}},"38":{"start":{"line":84,"column":11},"end":{"line":104,"column":5}},"39":{"start":{"line":85,"column":26},"end":{"line":85,"column":50}},"40":{"start":{"line":86,"column":6},"end":{"line":98,"column":7}},"41":{"start":{"line":87,"column":8},"end":{"line":94,"column":11}},"42":{"start":{"line":88,"column":10},"end":{"line":88,"column":52}},"43":{"start":{"line":89,"column":10},"end":{"line":89,"column":52}},"44":{"start":{"line":90,"column":10},"end":{"line":93,"column":13}},"45":{"start":{"line":91,"column":12},"end":{"line":91,"column":56}},"46":{"start":{"line":92,"column":12},"end":{"line":92,"column":56}},"47":{"start":{"line":97,"column":8},"end":{"line":97,"column":52}},"48":{"start":{"line":100,"column":6},"end":{"line":103,"column":9}},"49":{"start":{"line":101,"column":8},"end":{"line":101,"column":39}},"50":{"start":{"line":102,"column":8},"end":{"line":102,"column":52}},"51":{"start":{"line":112,"column":4},"end":{"line":119,"column":6}},"52":{"start":{"line":123,"column":4},"end":{"line":127,"column":5}},"53":{"start":{"line":124,"column":6},"end":{"line":126,"column":7}},"54":{"start":{"line":125,"column":8},"end":{"line":125,"column":47}},"55":{"start":{"line":134,"column":4},"end":{"line":138,"column":5}},"56":{"start":{"line":135,"column":6},"end":{"line":135,"column":28}},"57":{"start":{"line":137,"column":6},"end":{"line":137,"column":54}},"58":{"start":{"line":139,"column":4},"end":{"line":143,"column":5}},"59":{"start":{"line":140,"column":6},"end":{"line":140,"column":30}},"60":{"start":{"line":142,"column":6},"end":{"line":142,"column":56}},"61":{"start":{"line":144,"column":4},"end":{"line":144,"column":44}},"62":{"start":{"line":150,"column":4},"end":{"line":154,"column":7}},"63":{"start":{"line":151,"column":6},"end":{"line":151,"column":60}},"64":{"start":{"line":151,"column":48},"end":{"line":151,"column":56}},"65":{"start":{"line":153,"column":6},"end":{"line":153,"column":14}},"66":{"start":{"line":160,"column":4},"end":{"line":185,"column":7}},"67":{"start":{"line":161,"column":6},"end":{"line":163,"column":7}},"68":{"start":{"line":162,"column":8},"end":{"line":162,"column":59}},"69":{"start":{"line":162,"column":60},"end":{"line":162,"column":67}},"70":{"start":{"line":164,"column":6},"end":{"line":166,"column":7}},"71":{"start":{"line":165,"column":8},"end":{"line":165,"column":60}},"72":{"start":{"line":165,"column":61},"end":{"line":165,"column":68}},"73":{"start":{"line":167,"column":6},"end":{"line":167,"column":24}},"74":{"start":{"line":168,"column":6},"end":{"line":168,"column":74}},"75":{"start":{"line":169,"column":6},"end":{"line":169,"column":48}},"76":{"start":{"line":170,"column":6},"end":{"line":170,"column":51}},"77":{"start":{"line":171,"column":20},"end":{"line":171,"column":52}},"78":{"start":{"line":173,"column":6},"end":{"line":184,"column":9}},"79":{"start":{"line":174,"column":8},"end":{"line":174,"column":26}},"80":{"start":{"line":174,"column":16},"end":{"line":174,"column":26}},"81":{"start":{"line":175,"column":8},"end":{"line":175,"column":51}},"82":{"start":{"line":176,"column":8},"end":{"line":183,"column":11}},"83":{"start":{"line":177,"column":10},"end":{"line":177,"column":34}},"84":{"start":{"line":178,"column":10},"end":{"line":182,"column":13}},"85":{"start":{"line":179,"column":12},"end":{"line":181,"column":15}},"86":{"start":{"line":32,"column":0},"end":{"line":187,"column":1}}},"fnMap":{"0":{"name":"(anonymous_0)","decl":{"start":{"line":35,"column":10},"end":{"line":35,"column":26}},"loc":{"start":{"line":36,"column":44},"end":{"line":38,"column":3}}},"1":{"name":"(anonymous_1)","decl":{"start":{"line":37,"column":31},"end":{"line":37,"column":32}},"loc":{"start":{"line":37,"column":45},"end":{"line":37,"column":64}}},"2":{"name":"(anonymous_2)","decl":{"start":{"line":40,"column":10},"end":{"line":40,"column":35}},"loc":{"start":{"line":41,"column":50},"end":{"line":55,"column":3}}},"3":{"name":"(anonymous_3)","decl":{"start":{"line":49,"column":37},"end":{"line":49,"column":38}},"loc":{"start":{"line":49,"column":51},"end":{"line":54,"column":5}}},"4":{"name":"(anonymous_4)","decl":{"start":{"line":57,"column":10},"end":{"line":57,"column":25}},"loc":{"start":{"line":57,"column":65},"end":{"line":59,"column":3}}},"5":{"name":"(anonymous_5)","decl":{"start":{"line":61,"column":10},"end":{"line":61,"column":22}},"loc":{"start":{"line":61,"column":36},"end":{"line":72,"column":3}}},"6":{"name":"(anonymous_6)","decl":{"start":{"line":74,"column":10},"end":{"line":74,"column":27}},"loc":{"start":{"line":75,"column":16},"end":{"line":105,"column":3}}},"7":{"name":"(anonymous_7)","decl":{"start":{"line":87,"column":56},"end":{"line":87,"column":57}},"loc":{"start":{"line":87,"column":79},"end":{"line":94,"column":9}}},"8":{"name":"(anonymous_8)","decl":{"start":{"line":90,"column":59},"end":{"line":90,"column":61}},"loc":{"start":{"line":90,"column":64},"end":{"line":93,"column":11}}},"9":{"name":"(anonymous_9)","decl":{"start":{"line":100,"column":47},"end":{"line":100,"column":48}},"loc":{"start":{"line":100,"column":59},"end":{"line":103,"column":7}}},"10":{"name":"(anonymous_10)","decl":{"start":{"line":111,"column":10},"end":{"line":111,"column":19}},"loc":{"start":{"line":111,"column":20},"end":{"line":120,"column":3}}},"11":{"name":"(anonymous_11)","decl":{"start":{"line":122,"column":10},"end":{"line":122,"column":25}},"loc":{"start":{"line":122,"column":44},"end":{"line":128,"column":3}}},"12":{"name":"(anonymous_12)","decl":{"start":{"line":131,"column":10},"end":{"line":131,"column":27}},"loc":{"start":{"line":131,"column":52},"end":{"line":145,"column":3}}},"13":{"name":"(anonymous_13)","decl":{"start":{"line":148,"column":10},"end":{"line":148,"column":26}},"loc":{"start":{"line":149,"column":26},"end":{"line":156,"column":3}}},"14":{"name":"(anonymous_14)","decl":{"start":{"line":150,"column":42},"end":{"line":150,"column":44}},"loc":{"start":{"line":150,"column":47},"end":{"line":152,"column":5}}},"15":{"name":"(anonymous_15)","decl":{"start":{"line":151,"column":37},"end":{"line":151,"column":38}},"loc":{"start":{"line":151,"column":45},"end":{"line":151,"column":58}}},"16":{"name":"(anonymous_16)","decl":{"start":{"line":152,"column":13},"end":{"line":152,"column":14}},"loc":{"start":{"line":152,"column":21},"end":{"line":154,"column":5}}},"17":{"name":"(anonymous_17)","decl":{"start":{"line":159,"column":2},"end":{"line":159,"column":7}},"loc":{"start":{"line":159,"column":32},"end":{"line":186,"column":3}}},"18":{"name":"(anonymous_18)","decl":{"start":{"line":160,"column":23},"end":{"line":160,"column":24}},"loc":{"start":{"line":160,"column":43},"end":{"line":185,"column":5}}},"19":{"name":"(anonymous_19)","decl":{"start":{"line":173,"column":40},"end":{"line":173,"column":41}},"loc":{"start":{"line":173,"column":62},"end":{"line":184,"column":7}}},"20":{"name":"(anonymous_20)","decl":{"start":{"line":176,"column":61},"end":{"line":176,"column":63}},"loc":{"start":{"line":176,"column":66},"end":{"line":183,"column":9}}},"21":{"name":"(anonymous_21)","decl":{"start":{"line":178,"column":59},"end":{"line":178,"column":60}},"loc":{"start":{"line":178,"column":67},"end":{"line":182,"column":11}}}},"branchMap":{"0":{"loc":{"start":{"line":42,"column":4},"end":{"line":42,"column":57}},"type":"if","locations":[{"start":{"line":42,"column":4},"end":{"line":42,"column":57}},{"start":{"line":42,"column":4},"end":{"line":42,"column":57}}]},"1":{"loc":{"start":{"line":44,"column":4},"end":{"line":48,"column":5}},"type":"if","locations":[{"start":{"line":44,"column":4},"end":{"line":48,"column":5}},{"start":{"line":44,"column":4},"end":{"line":48,"column":5}}]},"2":{"loc":{"start":{"line":50,"column":6},"end":{"line":52,"column":7}},"type":"if","locations":[{"start":{"line":50,"column":6},"end":{"line":52,"column":7}},{"start":{"line":50,"column":6},"end":{"line":52,"column":7}}]},"3":{"loc":{"start":{"line":62,"column":47},"end":{"line":62,"column":50}},"type":"cond-expr","locations":[{"start":{"line":62,"column":47},"end":{"line":62,"column":50}},{"start":{"line":62,"column":53},"end":{"line":62,"column":57}}]},"4":{"loc":{"start":{"line":64,"column":4},"end":{"line":64,"column":46}},"type":"if","locations":[{"start":{"line":64,"column":4},"end":{"line":64,"column":46}},{"start":{"line":64,"column":4},"end":{"line":64,"column":46}}]},"5":{"loc":{"start":{"line":76,"column":4},"end":{"line":76,"column":47}},"type":"if","locations":[{"start":{"line":76,"column":4},"end":{"line":76,"column":47}},{"start":{"line":76,"column":4},"end":{"line":76,"column":47}}]},"6":{"loc":{"start":{"line":78,"column":4},"end":{"line":104,"column":5}},"type":"if","locations":[{"start":{"line":78,"column":4},"end":{"line":104,"column":5}},{"start":{"line":78,"column":4},"end":{"line":104,"column":5}}]},"7":{"loc":{"start":{"line":81,"column":11},"end":{"line":104,"column":5}},"type":"if","locations":[{"start":{"line":81,"column":11},"end":{"line":104,"column":5}},{"start":{"line":81,"column":11},"end":{"line":104,"column":5}}]},"8":{"loc":{"start":{"line":81,"column":14},"end":{"line":81,"column":33}},"type":"binary-expr","locations":[{"start":{"line":81,"column":14},"end":{"line":81,"column":33}},{"start":{"line":81,"column":37},"end":{"line":81,"column":70}}]},"9":{"loc":{"start":{"line":84,"column":11},"end":{"line":104,"column":5}},"type":"if","locations":[{"start":{"line":84,"column":11},"end":{"line":104,"column":5}},{"start":{"line":84,"column":11},"end":{"line":104,"column":5}}]},"10":{"loc":{"start":{"line":86,"column":6},"end":{"line":98,"column":7}},"type":"if","locations":[{"start":{"line":86,"column":6},"end":{"line":98,"column":7}},{"start":{"line":86,"column":6},"end":{"line":98,"column":7}}]},"11":{"loc":{"start":{"line":123,"column":4},"end":{"line":127,"column":5}},"type":"if","locations":[{"start":{"line":123,"column":4},"end":{"line":127,"column":5}},{"start":{"line":123,"column":4},"end":{"line":127,"column":5}}]},"12":{"loc":{"start":{"line":134,"column":4},"end":{"line":138,"column":5}},"type":"if","locations":[{"start":{"line":134,"column":4},"end":{"line":138,"column":5}},{"start":{"line":134,"column":4},"end":{"line":138,"column":5}}]},"13":{"loc":{"start":{"line":139,"column":4},"end":{"line":143,"column":5}},"type":"if","locations":[{"start":{"line":139,"column":4},"end":{"line":143,"column":5}},{"start":{"line":139,"column":4},"end":{"line":143,"column":5}}]},"14":{"loc":{"start":{"line":161,"column":6},"end":{"line":163,"column":7}},"type":"if","locations":[{"start":{"line":161,"column":6},"end":{"line":163,"column":7}},{"start":{"line":161,"column":6},"end":{"line":163,"column":7}}]},"15":{"loc":{"start":{"line":164,"column":6},"end":{"line":166,"column":7}},"type":"if","locations":[{"start":{"line":164,"column":6},"end":{"line":166,"column":7}},{"start":{"line":164,"column":6},"end":{"line":166,"column":7}}]},"16":{"loc":{"start":{"line":168,"column":42},"end":{"line":168,"column":57}},"type":"cond-expr","locations":[{"start":{"line":168,"column":42},"end":{"line":168,"column":57}},{"start":{"line":168,"column":60},"end":{"line":168,"column":73}}]},"17":{"loc":{"start":{"line":174,"column":8},"end":{"line":174,"column":26}},"type":"if","locations":[{"start":{"line":174,"column":8},"end":{"line":174,"column":26}},{"start":{"line":174,"column":8},"end":{"line":174,"column":26}}]}},"s":{"0":1,"1":1,"2":1,"3":1,"4":1,"5":1,"6":4,"7":4,"8":3,"9":0,"10":0,"11":3,"12":3,"13":0,"14":0,"15":3,"16":3,"17":1,"18":1,"19":2,"20":1,"21":1,"22":1,"23":1,"24":0,"25":1,"26":1,"27":1,"28":63,"29":2,"30":2,"31":61,"32":61,"33":0,"34":0,"35":61,"36":0,"37":0,"38":61,"39":1,"40":1,"41":1,"42":1,"43":1,"44":1,"45":1,"46":1,"47":0,"48":60,"49":60,"50":60,"51":1,"52":1,"53":0,"54":0,"55":1,"56":0,"57":1,"58":1,"59":0,"60":1,"61":1,"62":1,"63":1,"64":1,"65":0,"66":1,"67":1,"68":0,"69":0,"70":1,"71":0,"72":0,"73":1,"74":1,"75":1,"76":1,"77":1,"78":1,"79":1,"80":0,"81":1,"82":1,"83":1,"84":1,"85":1,"86":1},"f":{"0":4,"1":4,"2":3,"3":3,"4":1,"5":1,"6":63,"7":1,"8":1,"9":60,"10":1,"11":1,"12":1,"13":1,"14":1,"15":1,"16":0,"17":1,"18":1,"19":1,"20":1,"21":1},"b":{"0":[0,3],"1":[0,3],"2":[1,2],"3":[0,1],"4":[0,1],"5":[2,61],"6":[0,61],"7":[0,61],"8":[61,61],"9":[1,60],"10":[1,0],"11":[0,1],"12":[0,1],"13":[0,1],"14":[0,1],"15":[0,1],"16":[0,1],"17":[0,1]}}
}
